<?xml version="1.0" encoding="UTF-8"?>
<!-- Generated by org.testng.reporters.JUnitReportReporter -->
<testsuite hostname="DESKTOP-ALA29L7" failures="0" tests="3" name="TestRunner.PIMPageRunnerTest" time="110.019" errors="0" timestamp="2024-08-27T18:50:52 IST" skipped="0">
  <testcase classname="TestRunner.PIMPageRunnerTest" name="runScenario" time="46.050"/>
  <system-out/>
  <testcase classname="TestRunner.PIMPageRunnerTest" name="runScenario" time="56.281"/>
  <system-out/>
  <testcase classname="TestRunner.PIMPageRunnerTest" name="runScenario" time="7.688"/>
  <system-out/>
</testsuite> <!-- TestRunner.PIMPageRunnerTest -->
